C:\Program Files (x86)\Microsoft Visual Studio\2017\Community\Common7\IDE\VC\VCTargets\Microsoft.CppBuild.targets(387,5): warning MSB8028: The intermediate directory (Debug\) contains files shared from another project (GD4ClassCode.vcxproj).  This can lead to incorrect clean and rebuild behavior.
  World.cpp
  Utility.cpp
  TitleState.cpp
  TextNode.cpp
  StateStack.cpp
  State.cpp
  SpriteNode.cpp
  SoundPlayer.cpp
  SoundNode.cpp
  SettingsState.cpp
  SceneNode.cpp
  Projectile.cpp
  PostEffect.cpp
  Player.cpp
  Pickup.cpp
  PauseState.cpp
  ParticleNode.cpp
  NetworkNode.cpp
  MusicPlayer.cpp
  MultiplayerGameState.cpp
  Generating Code...
  Compiling...
  MenuState.cpp
  main.cpp
  Label.cpp
  KeyBinding.cpp
  GameState.cpp
  GameServer.cpp
  GameOverState.cpp
  Entity.cpp
  EmitterNode.cpp
  DataTables.cpp
  Container.cpp
  Component.cpp
  CommandQueue.cpp
  Command.cpp
  Button.cpp
  BloomEffect.cpp
  Application.cpp
  Animation.cpp
  Aircraft.cpp
  Generating Code...
  GD4ClassCode.vcxproj -> C:\Users\user1\Desktop\multiplayerGameUsingGitHubDesktop\mpdp-ca1\BaseCodeCommented\Debug\BaseCodeCommented.exe
  GD4ClassCode.vcxproj -> C:\Users\user1\Desktop\multiplayerGameUsingGitHubDesktop\mpdp-ca1\BaseCodeCommented\Debug\BaseCodeCommented.pdb (Partial PDB)
